{"/workspaces/graduation-project-Omomotoly/backend/src/app.js": {"path":"/workspaces/graduation-project-Omomotoly/backend/src/app.js","statementMap":{"0":{"start":{"line":1,"column":0},"end":{"line":1,"column":26}},"1":{"start":{"line":3,"column":20},"end":{"line":3,"column":42}},"2":{"start":{"line":4,"column":16},"end":{"line":4,"column":34}},"3":{"start":{"line":5,"column":13},"end":{"line":5,"column":28}},"4":{"start":{"line":6,"column":21},"end":{"line":6,"column":45}},"5":{"start":{"line":7,"column":15},"end":{"line":7,"column":32}},"6":{"start":{"line":8,"column":18},"end":{"line":8,"column":38}},"7":{"start":{"line":10,"column":0},"end":{"line":10,"column":32}},"8":{"start":{"line":12,"column":20},"end":{"line":12,"column":45}},"9":{"start":{"line":13,"column":26},"end":{"line":13,"column":57}},"10":{"start":{"line":17,"column":12},"end":{"line":17,"column":21}},"11":{"start":{"line":19,"column":0},"end":{"line":19,"column":32}},"12":{"start":{"line":22,"column":0},"end":{"line":22,"column":47}},"13":{"start":{"line":23,"column":0},"end":{"line":23,"column":29}},"14":{"start":{"line":25,"column":0},"end":{"line":25,"column":22}},"15":{"start":{"line":26,"column":0},"end":{"line":26,"column":23}},"16":{"start":{"line":27,"column":0},"end":{"line":27,"column":48}},"17":{"start":{"line":29,"column":0},"end":{"line":29,"column":23}},"18":{"start":{"line":30,"column":0},"end":{"line":30,"column":55}},"19":{"start":{"line":32,"column":0},"end":{"line":32,"column":30}},"20":{"start":{"line":33,"column":0},"end":{"line":33,"column":42}},"21":{"start":{"line":41,"column":0},"end":{"line":47,"column":2}},"22":{"start":{"line":42,"column":2},"end":{"line":42,"column":18}},"23":{"start":{"line":45,"column":2},"end":{"line":45,"column":31}},"24":{"start":{"line":46,"column":2},"end":{"line":46,"column":17}},"25":{"start":{"line":49,"column":0},"end":{"line":49,"column":20}}},"fnMap":{"0":{"name":"(anonymous_0)","decl":{"start":{"line":41,"column":8},"end":{"line":41,"column":9}},"loc":{"start":{"line":41,"column":39},"end":{"line":47,"column":1}},"line":41}},"branchMap":{"0":{"loc":{"start":{"line":45,"column":13},"end":{"line":45,"column":30}},"type":"binary-expr","locations":[{"start":{"line":45,"column":13},"end":{"line":45,"column":23}},{"start":{"line":45,"column":27},"end":{"line":45,"column":30}}],"line":45}},"s":{"0":1,"1":1,"2":1,"3":1,"4":1,"5":1,"6":1,"7":1,"8":1,"9":1,"10":1,"11":1,"12":1,"13":1,"14":1,"15":1,"16":1,"17":1,"18":1,"19":1,"20":1,"21":1,"22":0,"23":0,"24":0,"25":1},"f":{"0":0},"b":{"0":[0,0]},"_coverageSchema":"1a1c01bbd47fc00a2c39e90264f33305004495a9","hash":"2886580eccb877e2c4c0f2c772ceeac47963d53a"}
,"/workspaces/graduation-project-Omomotoly/backend/src/database-connection.js": {"path":"/workspaces/graduation-project-Omomotoly/backend/src/database-connection.js","statementMap":{"0":{"start":{"line":1,"column":17},"end":{"line":1,"column":36}},"1":{"start":{"line":2,"column":0},"end":{"line":5,"column":64}},"2":{"start":{"line":4,"column":14},"end":{"line":4,"column":88}},"3":{"start":{"line":5,"column":16},"end":{"line":5,"column":63}},"4":{"start":{"line":7,"column":12},"end":{"line":7,"column":51}}},"fnMap":{"0":{"name":"(anonymous_0)","decl":{"start":{"line":4,"column":8},"end":{"line":4,"column":9}},"loc":{"start":{"line":4,"column":14},"end":{"line":4,"column":88}},"line":4},"1":{"name":"(anonymous_1)","decl":{"start":{"line":5,"column":9},"end":{"line":5,"column":10}},"loc":{"start":{"line":5,"column":16},"end":{"line":5,"column":63}},"line":5}},"branchMap":{},"s":{"0":1,"1":1,"2":1,"3":0,"4":1},"f":{"0":1,"1":0},"b":{},"_coverageSchema":"1a1c01bbd47fc00a2c39e90264f33305004495a9","hash":"ca2a7d5eb5df4dded47c7e1d6dc99a3ff3c1e1ea"}
,"/workspaces/graduation-project-Omomotoly/backend/src/models/calender.js": {"path":"/workspaces/graduation-project-Omomotoly/backend/src/models/calender.js","statementMap":{"0":{"start":{"line":1,"column":19},"end":{"line":1,"column":42}},"1":{"start":{"line":5,"column":4},"end":{"line":5,"column":20}},"2":{"start":{"line":6,"column":4},"end":{"line":6,"column":32}},"3":{"start":{"line":7,"column":4},"end":{"line":7,"column":20}},"4":{"start":{"line":11,"column":0},"end":{"line":11,"column":25}}},"fnMap":{"0":{"name":"(anonymous_0)","decl":{"start":{"line":4,"column":2},"end":{"line":4,"column":3}},"loc":{"start":{"line":4,"column":38},"end":{"line":8,"column":3}},"line":4}},"branchMap":{},"s":{"0":1,"1":0,"2":0,"3":0,"4":1},"f":{"0":0},"b":{},"_coverageSchema":"1a1c01bbd47fc00a2c39e90264f33305004495a9","hash":"ee4775cde519b04eb82f857359f837ab98a4552a"}
,"/workspaces/graduation-project-Omomotoly/backend/src/models/conference.js": {"path":"/workspaces/graduation-project-Omomotoly/backend/src/models/conference.js","statementMap":{"0":{"start":{"line":1,"column":17},"end":{"line":1,"column":36}},"1":{"start":{"line":2,"column":18},"end":{"line":2,"column":38}},"2":{"start":{"line":3,"column":21},"end":{"line":3,"column":53}},"3":{"start":{"line":5,"column":25},"end":{"line":18,"column":2}},"4":{"start":{"line":20,"column":0},"end":{"line":20,"column":37}},"5":{"start":{"line":23,"column":0},"end":{"line":23,"column":38}},"6":{"start":{"line":24,"column":0},"end":{"line":24,"column":63}}},"fnMap":{},"branchMap":{},"s":{"0":1,"1":1,"2":1,"3":1,"4":1,"5":1,"6":1},"f":{},"b":{},"_coverageSchema":"1a1c01bbd47fc00a2c39e90264f33305004495a9","hash":"dcf4ccdffe8da709f9174aa256af49723dc83cf8"}
,"/workspaces/graduation-project-Omomotoly/backend/src/models/user.js": {"path":"/workspaces/graduation-project-Omomotoly/backend/src/models/user.js","statementMap":{"0":{"start":{"line":1,"column":19},"end":{"line":1,"column":42}},"1":{"start":{"line":2,"column":17},"end":{"line":2,"column":38}},"2":{"start":{"line":3,"column":17},"end":{"line":3,"column":36}},"3":{"start":{"line":4,"column":21},"end":{"line":4,"column":53}},"4":{"start":{"line":6,"column":19},"end":{"line":18,"column":2}},"5":{"start":{"line":20,"column":0},"end":{"line":20,"column":31}},"6":{"start":{"line":30,"column":23},"end":{"line":30,"column":94}},"7":{"start":{"line":32,"column":4},"end":{"line":32,"column":41}},"8":{"start":{"line":34,"column":4},"end":{"line":34,"column":21}},"9":{"start":{"line":38,"column":4},"end":{"line":38,"column":35}},"10":{"start":{"line":39,"column":4},"end":{"line":39,"column":37}},"11":{"start":{"line":41,"column":4},"end":{"line":41,"column":27}},"12":{"start":{"line":42,"column":4},"end":{"line":42,"column":21}},"13":{"start":{"line":46,"column":4},"end":{"line":46,"column":68}},"14":{"start":{"line":47,"column":4},"end":{"line":47,"column":70}},"15":{"start":{"line":51,"column":4},"end":{"line":62,"column":5}},"16":{"start":{"line":57,"column":18},"end":{"line":59,"column":1}},"17":{"start":{"line":66,"column":0},"end":{"line":66,"column":26}},"18":{"start":{"line":67,"column":0},"end":{"line":67,"column":51}}},"fnMap":{"0":{"name":"(anonymous_0)","decl":{"start":{"line":29,"column":2},"end":{"line":29,"column":3}},"loc":{"start":{"line":29,"column":47},"end":{"line":35,"column":3}},"line":29},"1":{"name":"(anonymous_1)","decl":{"start":{"line":37,"column":2},"end":{"line":37,"column":3}},"loc":{"start":{"line":37,"column":35},"end":{"line":43,"column":3}},"line":37},"2":{"name":"(anonymous_2)","decl":{"start":{"line":45,"column":2},"end":{"line":45,"column":3}},"loc":{"start":{"line":45,"column":30},"end":{"line":48,"column":3}},"line":45},"3":{"name":"(anonymous_3)","decl":{"start":{"line":50,"column":2},"end":{"line":50,"column":3}},"loc":{"start":{"line":50,"column":16},"end":{"line":63,"column":3}},"line":50},"4":{"name":"(anonymous_4)","decl":{"start":{"line":57,"column":4},"end":{"line":57,"column":5}},"loc":{"start":{"line":57,"column":18},"end":{"line":59,"column":1}},"line":57}},"branchMap":{},"s":{"0":1,"1":1,"2":1,"3":1,"4":1,"5":1,"6":1,"7":1,"8":1,"9":1,"10":1,"11":1,"12":1,"13":0,"14":0,"15":0,"16":0,"17":1,"18":1},"f":{"0":1,"1":1,"2":0,"3":0,"4":0},"b":{},"_coverageSchema":"1a1c01bbd47fc00a2c39e90264f33305004495a9","hash":"a195217be76320316f0c6481e6cc01a8df098e7a"}
,"/workspaces/graduation-project-Omomotoly/backend/src/routes/conferences.js": {"path":"/workspaces/graduation-project-Omomotoly/backend/src/routes/conferences.js","statementMap":{"0":{"start":{"line":1,"column":16},"end":{"line":1,"column":34}},"1":{"start":{"line":2,"column":15},"end":{"line":2,"column":31}},"2":{"start":{"line":3,"column":19},"end":{"line":3,"column":50}},"3":{"start":{"line":4,"column":13},"end":{"line":4,"column":38}},"4":{"start":{"line":5,"column":13},"end":{"line":5,"column":38}},"5":{"start":{"line":17,"column":0},"end":{"line":34,"column":2}},"6":{"start":{"line":18,"column":2},"end":{"line":18,"column":23}},"7":{"start":{"line":19,"column":22},"end":{"line":19,"column":45}},"8":{"start":{"line":20,"column":2},"end":{"line":20,"column":22}},"9":{"start":{"line":21,"column":2},"end":{"line":29,"column":5}},"10":{"start":{"line":22,"column":4},"end":{"line":29,"column":5}},"11":{"start":{"line":23,"column":37},"end":{"line":28,"column":7}},"12":{"start":{"line":27,"column":56},"end":{"line":27,"column":69}},"13":{"start":{"line":31,"column":2},"end":{"line":33,"column":4}},"14":{"start":{"line":37,"column":0},"end":{"line":53,"column":2}},"15":{"start":{"line":38,"column":21},"end":{"line":38,"column":92}},"16":{"start":{"line":38,"column":56},"end":{"line":38,"column":91}},"17":{"start":{"line":40,"column":2},"end":{"line":40,"column":70}},"18":{"start":{"line":40,"column":19},"end":{"line":40,"column":70}},"19":{"start":{"line":42,"column":2},"end":{"line":48,"column":6}},"20":{"start":{"line":43,"column":4},"end":{"line":48,"column":6}},"21":{"start":{"line":47,"column":54},"end":{"line":47,"column":67}},"22":{"start":{"line":50,"column":2},"end":{"line":52,"column":4}},"23":{"start":{"line":56,"column":0},"end":{"line":62,"column":2}},"24":{"start":{"line":57,"column":15},"end":{"line":57,"column":49}},"25":{"start":{"line":59,"column":21},"end":{"line":59,"column":97}},"26":{"start":{"line":61,"column":2},"end":{"line":61,"column":22}},"27":{"start":{"line":65,"column":0},"end":{"line":76,"column":2}},"28":{"start":{"line":66,"column":15},"end":{"line":66,"column":49}},"29":{"start":{"line":68,"column":2},"end":{"line":68,"column":61}},"30":{"start":{"line":69,"column":21},"end":{"line":69,"column":71}},"31":{"start":{"line":71,"column":2},"end":{"line":71,"column":39}},"32":{"start":{"line":73,"column":2},"end":{"line":75,"column":4}},"33":{"start":{"line":80,"column":0},"end":{"line":80,"column":23}}},"fnMap":{"0":{"name":"(anonymous_0)","decl":{"start":{"line":17,"column":16},"end":{"line":17,"column":17}},"loc":{"start":{"line":17,"column":48},"end":{"line":34,"column":1}},"line":17},"1":{"name":"(anonymous_1)","decl":{"start":{"line":23,"column":22},"end":{"line":23,"column":23}},"loc":{"start":{"line":23,"column":37},"end":{"line":28,"column":7}},"line":23},"2":{"name":"(anonymous_2)","decl":{"start":{"line":27,"column":44},"end":{"line":27,"column":45}},"loc":{"start":{"line":27,"column":56},"end":{"line":27,"column":69}},"line":27},"3":{"name":"(anonymous_3)","decl":{"start":{"line":37,"column":21},"end":{"line":37,"column":22}},"loc":{"start":{"line":37,"column":47},"end":{"line":53,"column":1}},"line":37},"4":{"name":"(anonymous_4)","decl":{"start":{"line":38,"column":42},"end":{"line":38,"column":43}},"loc":{"start":{"line":38,"column":56},"end":{"line":38,"column":91}},"line":38},"5":{"name":"(anonymous_5)","decl":{"start":{"line":47,"column":42},"end":{"line":47,"column":43}},"loc":{"start":{"line":47,"column":54},"end":{"line":47,"column":67}},"line":47},"6":{"name":"(anonymous_6)","decl":{"start":{"line":56,"column":17},"end":{"line":56,"column":18}},"loc":{"start":{"line":56,"column":49},"end":{"line":62,"column":1}},"line":56},"7":{"name":"(anonymous_7)","decl":{"start":{"line":65,"column":40},"end":{"line":65,"column":41}},"loc":{"start":{"line":65,"column":72},"end":{"line":76,"column":1}},"line":65}},"branchMap":{"0":{"loc":{"start":{"line":21,"column":2},"end":{"line":29,"column":5}},"type":"if","locations":[{"start":{"line":21,"column":2},"end":{"line":29,"column":5}},{"start":{},"end":{}}],"line":21},"1":{"loc":{"start":{"line":40,"column":2},"end":{"line":40,"column":70}},"type":"if","locations":[{"start":{"line":40,"column":2},"end":{"line":40,"column":70}},{"start":{},"end":{}}],"line":40},"2":{"loc":{"start":{"line":42,"column":2},"end":{"line":48,"column":6}},"type":"if","locations":[{"start":{"line":42,"column":2},"end":{"line":48,"column":6}},{"start":{},"end":{}}],"line":42}},"s":{"0":1,"1":1,"2":1,"3":1,"4":1,"5":1,"6":0,"7":0,"8":0,"9":0,"10":0,"11":0,"12":0,"13":0,"14":1,"15":0,"16":0,"17":0,"18":0,"19":0,"20":0,"21":0,"22":0,"23":1,"24":1,"25":1,"26":1,"27":1,"28":0,"29":0,"30":0,"31":0,"32":0,"33":1},"f":{"0":0,"1":0,"2":0,"3":0,"4":0,"5":0,"6":1,"7":0},"b":{"0":[0,0],"1":[0,0],"2":[0,0]},"_coverageSchema":"1a1c01bbd47fc00a2c39e90264f33305004495a9","hash":"0135ba5063e80796ef730eeb80b2bd4c901966a8"}
,"/workspaces/graduation-project-Omomotoly/backend/src/routes/users.js": {"path":"/workspaces/graduation-project-Omomotoly/backend/src/routes/users.js","statementMap":{"0":{"start":{"line":1,"column":14},"end":{"line":1,"column":32}},"1":{"start":{"line":2,"column":13},"end":{"line":2,"column":29}},"2":{"start":{"line":3,"column":13},"end":{"line":3,"column":38}},"3":{"start":{"line":4,"column":19},"end":{"line":4,"column":50}},"4":{"start":{"line":7,"column":0},"end":{"line":9,"column":2}},"5":{"start":{"line":8,"column":2},"end":{"line":8,"column":29}},"6":{"start":{"line":12,"column":0},"end":{"line":15,"column":2}},"7":{"start":{"line":13,"column":15},"end":{"line":13,"column":57}},"8":{"start":{"line":14,"column":2},"end":{"line":14,"column":16}},"9":{"start":{"line":42,"column":0},"end":{"line":42,"column":23}}},"fnMap":{"0":{"name":"(anonymous_0)","decl":{"start":{"line":7,"column":16},"end":{"line":7,"column":17}},"loc":{"start":{"line":7,"column":48},"end":{"line":9,"column":1}},"line":7},"1":{"name":"(anonymous_1)","decl":{"start":{"line":12,"column":17},"end":{"line":12,"column":18}},"loc":{"start":{"line":12,"column":49},"end":{"line":15,"column":1}},"line":12}},"branchMap":{},"s":{"0":1,"1":1,"2":1,"3":1,"4":1,"5":0,"6":1,"7":2,"8":2,"9":1},"f":{"0":0,"1":2},"b":{},"_coverageSchema":"1a1c01bbd47fc00a2c39e90264f33305004495a9","hash":"73a866dac8c0ee5053421fc1cce2545f3446df09"}
}
